<?xml version="1.0" encoding="UTF-8"?>
<testng-results ignored="0" total="1" passed="1" failed="0" skipped="0">
  <reporter-output>
  </reporter-output>
  <suite started-at="2025-12-28T00:45:30 IST" name="Playwright Java Suite" finished-at="2025-12-28T00:45:40 IST" duration-ms="9284">
    <groups>
    </groups>
    <test started-at="2025-12-28T00:45:30 IST" name="Login Tests" finished-at="2025-12-28T00:45:40 IST" duration-ms="9284">
      <class name="tests.LoginTest">
        <test-method is-config="true" signature="setUp()[pri:0, instance:tests.LoginTest@2cd2a21f]" started-at="2025-12-28T00:45:30 IST" name="setUp" finished-at="2025-12-28T00:45:38 IST" duration-ms="7787" status="PASS">
          <reporter-output>
          </reporter-output>
        </test-method> <!-- setUp -->
        <test-method signature="verifySuccessfulLogin()[pri:0, instance:tests.LoginTest@2cd2a21f]" started-at="2025-12-28T00:45:38 IST" name="verifySuccessfulLogin" finished-at="2025-12-28T00:45:39 IST" duration-ms="1025" status="PASS">
          <reporter-output>
          </reporter-output>
        </test-method> <!-- verifySuccessfulLogin -->
        <test-method is-config="true" signature="tearDown()[pri:0, instance:tests.LoginTest@2cd2a21f]" started-at="2025-12-28T00:45:39 IST" name="tearDown" finished-at="2025-12-28T00:45:40 IST" duration-ms="305" status="PASS">
          <reporter-output>
          </reporter-output>
        </test-method> <!-- tearDown -->
      </class> <!-- tests.LoginTest -->
    </test> <!-- Login Tests -->
  </suite> <!-- Playwright Java Suite -->
</testng-results>
