<?xml version="1.0" encoding="UTF-8"?>
<testng-results ignored="0" total="1" passed="1" failed="0" skipped="0">
  <reporter-output>
  </reporter-output>
  <suite started-at="2026-01-10T23:14:13 IST" name="Smoke Suite" finished-at="2026-01-10T23:14:24 IST" duration-ms="11478">
    <groups>
    </groups>
    <test started-at="2026-01-10T23:14:13 IST" name="Smoke Tests" finished-at="2026-01-10T23:14:24 IST" duration-ms="11478">
      <class name="tests.LoginTest">
        <test-method is-config="true" signature="setUp()[pri:0, instance:tests.LoginTest@437da279]" started-at="2026-01-10T23:14:13 IST" name="setUp" finished-at="2026-01-10T23:14:23 IST" duration-ms="9830" status="PASS">
          <reporter-output>
          </reporter-output>
        </test-method> <!-- setUp -->
        <test-method signature="verifySuccessfulLogin()[pri:0, instance:tests.LoginTest@437da279]" started-at="2026-01-10T23:14:23 IST" name="verifySuccessfulLogin" finished-at="2026-01-10T23:14:24 IST" duration-ms="1108" status="PASS">
          <reporter-output>
          </reporter-output>
        </test-method> <!-- verifySuccessfulLogin -->
        <test-method is-config="true" signature="tearDown()[pri:0, instance:tests.LoginTest@437da279]" started-at="2026-01-10T23:14:24 IST" name="tearDown" finished-at="2026-01-10T23:14:24 IST" duration-ms="244" status="PASS">
          <reporter-output>
          </reporter-output>
        </test-method> <!-- tearDown -->
      </class> <!-- tests.LoginTest -->
    </test> <!-- Smoke Tests -->
  </suite> <!-- Smoke Suite -->
</testng-results>
