<?xml version="1.0" encoding="UTF-8"?>
<testng-results ignored="0" total="1" passed="1" failed="0" skipped="0">
  <reporter-output>
  </reporter-output>
  <suite started-at="2025-12-27T23:58:16 IST" name="Playwright Java Suite" finished-at="2025-12-27T23:58:28 IST" duration-ms="11447">
    <groups>
    </groups>
    <test started-at="2025-12-27T23:58:16 IST" name="Login Tests" finished-at="2025-12-27T23:58:28 IST" duration-ms="11447">
      <class name="tests.LoginTest">
        <test-method is-config="true" signature="setUp()[pri:0, instance:tests.LoginTest@2e005c4b]" started-at="2025-12-27T23:58:16 IST" name="setUp" finished-at="2025-12-27T23:58:26 IST" duration-ms="10083" status="PASS">
          <reporter-output>
          </reporter-output>
        </test-method> <!-- setUp -->
        <test-method signature="verifySuccessfulLogin()[pri:0, instance:tests.LoginTest@2e005c4b]" started-at="2025-12-27T23:58:26 IST" name="verifySuccessfulLogin" finished-at="2025-12-27T23:58:27 IST" duration-ms="987" status="PASS">
          <reporter-output>
          </reporter-output>
        </test-method> <!-- verifySuccessfulLogin -->
        <test-method is-config="true" signature="tearDown()[pri:0, instance:tests.LoginTest@2e005c4b]" started-at="2025-12-27T23:58:27 IST" name="tearDown" finished-at="2025-12-27T23:58:28 IST" duration-ms="323" status="PASS">
          <reporter-output>
          </reporter-output>
        </test-method> <!-- tearDown -->
      </class> <!-- tests.LoginTest -->
    </test> <!-- Login Tests -->
  </suite> <!-- Playwright Java Suite -->
</testng-results>
